To honour the JVM settings for this build a single-use Daemon process will be forked. For more on this, please refer to https://docs.gradle.org/9.1.0/userguide/gradle_daemon.html#sec:disabling_the_daemon in the Gradle documentation.
Daemon will be stopped at the end of the build 

> Configure project :
Fabric Loom: 1.11.8

> Task :compileJava
/home/paul/actions-runner/_work/versapacket-fabricexport/versapacket-fabricexport/parallel/1.21.11-pre2/src/main/java/de/dietrichpaul/versapacket/fabricexport/impl/EntityExporter.java:17: error: cannot find symbol
import net.minecraft.world.entity.animal.IronGolem;
                                        ^
  symbol:   class IronGolem
  location: package net.minecraft.world.entity.animal
1 error

> Task :compileJava FAILED

[Incubating] Problems report is available at: file:///home/paul/actions-runner/_work/versapacket-fabricexport/versapacket-fabricexport/parallel/1.21.11-pre2/build/reports/problems/problems-report.html

FAILURE: Build failed with an exception.

* What went wrong:
Execution failed for task ':compileJava'.
> Compilation failed; see the compiler output below.
  /home/paul/actions-runner/_work/versapacket-fabricexport/versapacket-fabricexport/parallel/1.21.11-pre2/src/main/java/de/dietrichpaul/versapacket/fabricexport/impl/EntityExporter.java:17: error: cannot find symbol
  import net.minecraft.world.entity.animal.IronGolem;
                                          ^
    symbol:   class IronGolem
    location: package net.minecraft.world.entity.animal
  1 error

* Try:
> Check your code and dependencies to fix the compilation error(s)
> Run with --scan to generate a Build Scan (Powered by Develocity).

BUILD FAILED in 30s
1 actionable task: 1 executed
